<?xml version="1.0" encoding="UTF-8"?>
<!-- Generated by org.testng.reporters.JUnitReportReporter -->
<testsuite skipped="0" hostname="200411DC0091" name="whandles.excelReader" tests="1" failures="0" timestamp="07 Dec 2018 10:02:39 GMT" time="0.598" errors="0">
  <testcase name="readExcel" time="0.598" classname="whandles.excelReader"/>
</testsuite> <!-- whandles.excelReader -->
